--------------- Build Started: 01/08/2025 10:52:37 Project: PSoC 5LP CY8CKIT-101, Configuration: ARM GCC 5.4-2016-q2-update Debug ---------------
cydsfit.exe -.appdatapath "C:\Users\xtx\AppData\Local\Cypress Semiconductor\PSoC Creator\4.4" -.fdsnotice -.fdswarpdepfile=warp_dependencies.txt -.fdselabdepfile=elab_dependencies.txt -.fdsbldfile=generated_files.txt -.fdsreffile=referenced_files.txt -p "C:\GitProject\SheepMIDI\PSoC 5LP CY8CKIT-101.cydsn\PSoC 5LP CY8CKIT-101.cyprj" -d CY8C5868AXI-LP035 -s "C:\GitProject\SheepMIDI\PSoC 5LP CY8CKIT-101.cydsn\Generated_Source\PSoC5" -- -yv2 -q10 -ygs -o2 -v3 -.fftcfgtype=LE
Elaborating Design...
ADD: sdb.M0061: information: Info from component: VDAC8. System VDDA voltage is set less than the voltage range of
        VDAC, the actual range of the VDAC will be 0V to VDDA.
 * C:\GitProject\SheepMIDI\PSoC 5LP CY8CKIT-101.cydsn\TopDesign\TopDesign.cysch (Instance:VDAC8)
HDL Generation...
Synthesis...
Tech Mapping...
ADD: pft.M0040: information: The following 8 pin(s) will be assigned a location by the fitter: \ADC:Bypass(0)\, \LCD_Char:LCDPort(0)\, \LCD_Char:LCDPort(1)\, \LCD_Char:LCDPort(2)\, \LCD_Char:LCDPort(3)\, \LCD_Char:LCDPort(4)\, \LCD_Char:LCDPort(5)\, \LCD_Char:LCDPort(6)\
Analog Placement...
Log: apr.M0058: The analog placement iterative improvement is 42% done. (App=cydsfit)
Log: apr.M0058: The analog placement iterative improvement is 61% done. (App=cydsfit)
Analog Routing...
Analog Code Generation...
Digital Placement...
Digital Routing...
Bitstream Generation...
Bitstream Verification...
Static timing analysis...
API Generation...
Dependency Generation...
Cleanup...
arm-none-eabi-gcc.exe -mcpu=cortex-m3 -mthumb -I. -IGenerated_Source\PSoC5 -Wa,-alh=.\ARM_GCC_541\Debug/main.lst -g -Wall -ffunction-sections -ffat-lto-objects -O0 -c main.c -o .\ARM_GCC_541\Debug\main.o
main.c: In function 'main':
main.c:89:5: warning: implicit declaration of function 'InitDACWork' [-Wimplicit-function-declaration]
     InitDACWork();
     ^
main.c:102:13: warning: implicit declaration of function 'synthesize' [-Wimplicit-function-declaration]
             synthesize(WC1_Output);
             ^
main.c:74:31: warning: unused variable 'slider_pos_last' [-Wunused-variable]
     uint8 slider_pos = 0xFFu, slider_pos_last = 0xFFu; // 鐢靛鎰熷簲婊戞潯鐨勫綋鍓嶃€佹渶杩戣Е鎽镐綅缃紝0xFF涓烘湭瑙︽懜
                               ^
main.c:74:11: warning: unused variable 'slider_pos' [-Wunused-variable]
     uint8 slider_pos = 0xFFu, slider_pos_last = 0xFFu; // 鐢靛鎰熷簲婊戞潯鐨勫綋鍓嶃€佹渶杩戣Е鎽镐綅缃紝0xFF涓烘湭瑙︽懜
           ^
main.c:72:28: warning: unused variable 'button_act' [-Wunused-variable]
     uint8 msg, button_num, button_act; // 鎸夐敭娑堟伅銆佹寜閿紪鍙枫€佹寜閿姩浣滅被鍨?
                            ^
main.c:72:16: warning: unused variable 'button_num' [-Wunused-variable]
     uint8 msg, button_num, button_act; // 鎸夐敭娑堟伅銆佹寜閿紪鍙枫€佹寜閿姩浣滅被鍨?
                ^
main.c:72:11: warning: unused variable 'msg' [-Wunused-variable]
     uint8 msg, button_num, button_act; // 鎸夐敭娑堟伅銆佹寜閿紪鍙枫€佹寜閿姩浣滅被鍨?
           ^
main.c:70:30: warning: unused variable 'cntr_adc' [-Wunused-variable]
     uint8 cntr_wavedac8 = 0, cntr_adc = 0; // 杞欢瀹氭椂鍣ㄧ殑璁℃暟鍣紝鐢ㄤ簬鍒囨崲WaveDAC8杈撳嚭娉㈠舰銆佸紑濮婣/D杞崲
                              ^
main.c:70:11: warning: unused variable 'cntr_wavedac8' [-Wunused-variable]
     uint8 cntr_wavedac8 = 0, cntr_adc = 0; // 杞欢瀹氭椂鍣ㄧ殑璁℃暟鍣紝鐢ㄤ簬鍒囨崲WaveDAC8杈撳嚭娉㈠舰銆佸紑濮婣/D杞崲
           ^
main.c:68:11: warning: unused variable 'dac_val' [-Wunused-variable]
     uint8 dac_val = 0x20u; // VDAC8杈撳叆鏁版嵁
           ^
main.c:67:11: warning: unused variable 'mVolts' [-Wunused-variable]
     int32 mVolts = 0;      // 鐢盇/D鏁板€兼崲绠楀悗鐨刴V鏁?
           ^
main.c:66:11: warning: unused variable 'adc_count' [-Wunused-variable]
     int16 adc_count = 0;   // A/D杞崲鍚庣殑鏁板€?
           ^
main.c: In function 'MatrixKbLED_Task':
main.c:276:9: warning: implicit declaration of function 'sprintf' [-Wimplicit-function-declaration]
         sprintf(tmp, "%d,%d\r\n", qdat, keys);
         ^
main.c:276:9: warning: incompatible implicit declaration of built-in function 'sprintf'
main.c:276:9: note: include '<stdio.h>' or provide a declaration of 'sprintf'
main.c:276:22: warning: format '%d' expects argument of type 'int', but argument 4 has type 'uint32 {aka long unsigned int}' [-Wformat=]
         sprintf(tmp, "%d,%d\r\n", qdat, keys);
                      ^
main.c:279:9: warning: implicit declaration of function 'DACWork_key' [-Wimplicit-function-declaration]
         DACWork_key(qdat);
         ^
main.c:256:19: warning: unused variable 'keys_prev' [-Wunused-variable]
     static uint32 keys_prev = 0;     /* 淇濆瓨涓婁竴娆＄殑鍚勬寜閿紑鍚堢姸鎬?*/
                   ^
arm-none-eabi-gcc.exe -mcpu=cortex-m3 -mthumb -I. -IGenerated_Source\PSoC5 -Wa,-alh=.\ARM_GCC_541\Debug/DACWork.lst -g -Wall -ffunction-sections -ffat-lto-objects -O0 -c DACWork.c -o .\ARM_GCC_541\Debug\DACWork.o
arm-none-eabi-gcc.exe -mcpu=cortex-m3 -mthumb -I. -IGenerated_Source\PSoC5 -Wa,-alh=.\ARM_GCC_541\Debug/piano.lst -g -Wall -ffunction-sections -ffat-lto-objects -O0 -c piano.c -o .\ARM_GCC_541\Debug\piano.o
arm-none-eabi-gcc.exe -mcpu=cortex-m3 -mthumb -I. -IGenerated_Source\PSoC5 -Wa,-alh=.\ARM_GCC_541\Debug/cyfitter_cfg.lst -g -Wall -ffunction-sections -ffat-lto-objects -O0 -c Generated_Source\PSoC5\cyfitter_cfg.c -o .\ARM_GCC_541\Debug\cyfitter_cfg.o
arm-none-eabi-gcc.exe -mcpu=cortex-m3 -mthumb -I. -IGenerated_Source\PSoC5 -Wa,-alh=.\ARM_GCC_541\Debug/ADC.lst -g -Wall -ffunction-sections -ffat-lto-objects -O0 -c Generated_Source\PSoC5\ADC.c -o .\ARM_GCC_541\Debug\ADC.o
arm-none-eabi-gcc.exe -mcpu=cortex-m3 -mthumb -I. -IGenerated_Source\PSoC5 -Wa,-alh=.\ARM_GCC_541\Debug/ADC_INT.lst -g -Wall -ffunction-sections -ffat-lto-objects -O0 -c Generated_Source\PSoC5\ADC_INT.c -o .\ARM_GCC_541\Debug\ADC_INT.o
arm-none-eabi-gcc.exe -mcpu=cortex-m3 -mthumb -I. -IGenerated_Source\PSoC5 -Wa,-alh=.\ARM_GCC_541\Debug/ADC_PM.lst -g -Wall -ffunction-sections -ffat-lto-objects -O0 -c Generated_Source\PSoC5\ADC_PM.c -o .\ARM_GCC_541\Debug\ADC_PM.o
arm-none-eabi-gcc.exe -mcpu=cortex-m3 -mthumb -I. -IGenerated_Source\PSoC5 -Wa,-alh=.\ARM_GCC_541\Debug/ADC_theACLK.lst -g -Wall -ffunction-sections -ffat-lto-objects -O0 -c Generated_Source\PSoC5\ADC_theACLK.c -o .\ARM_GCC_541\Debug\ADC_theACLK.o
arm-none-eabi-gcc.exe -mcpu=cortex-m3 -mthumb -I. -IGenerated_Source\PSoC5 -Wa,-alh=.\ARM_GCC_541\Debug/Cm3Start.lst -g -Wall -ffunction-sections -ffat-lto-objects -O0 -c Generated_Source\PSoC5\Cm3Start.c -o .\ARM_GCC_541\Debug\Cm3Start.o
arm-none-eabi-gcc.exe -mcpu=cortex-m3 -mthumb -I. -IGenerated_Source\PSoC5 -Wa,-alh=.\ARM_GCC_541\Debug/CyDmac.lst -g -Wall -ffunction-sections -ffat-lto-objects -O0 -c Generated_Source\PSoC5\CyDmac.c -o .\ARM_GCC_541\Debug\CyDmac.o
arm-none-eabi-gcc.exe -mcpu=cortex-m3 -mthumb -I. -IGenerated_Source\PSoC5 -Wa,-alh=.\ARM_GCC_541\Debug/CyFlash.lst -g -Wall -ffunction-sections -ffat-lto-objects -O0 -c Generated_Source\PSoC5\CyFlash.c -o .\ARM_GCC_541\Debug\CyFlash.o
arm-none-eabi-gcc.exe -mcpu=cortex-m3 -mthumb -I. -IGenerated_Source\PSoC5 -Wa,-alh=.\ARM_GCC_541\Debug/CyLib.lst -g -Wall -ffunction-sections -ffat-lto-objects -O0 -c Generated_Source\PSoC5\CyLib.c -o .\ARM_GCC_541\Debug\CyLib.o
arm-none-eabi-gcc.exe -mcpu=cortex-m3 -mthumb -I. -IGenerated_Source\PSoC5 -Wa,-alh=.\ARM_GCC_541\Debug/cyPm.lst -g -Wall -ffunction-sections -ffat-lto-objects -O0 -c Generated_Source\PSoC5\cyPm.c -o .\ARM_GCC_541\Debug\cyPm.o
arm-none-eabi-gcc.exe -mcpu=cortex-m3 -mthumb -I. -IGenerated_Source\PSoC5 -Wa,-alh=.\ARM_GCC_541\Debug/CySpc.lst -g -Wall -ffunction-sections -ffat-lto-objects -O0 -c Generated_Source\PSoC5\CySpc.c -o .\ARM_GCC_541\Debug\CySpc.o
arm-none-eabi-gcc.exe -mcpu=cortex-m3 -mthumb -I. -IGenerated_Source\PSoC5 -Wa,-alh=.\ARM_GCC_541\Debug/cyutils.lst -g -Wall -ffunction-sections -ffat-lto-objects -O0 -c Generated_Source\PSoC5\cyutils.c -o .\ARM_GCC_541\Debug\cyutils.o
arm-none-eabi-gcc.exe -mcpu=cortex-m3 -mthumb -I. -IGenerated_Source\PSoC5 -Wa,-alh=.\ARM_GCC_541\Debug/cymetadata.lst -g -Wall -ffunction-sections -ffat-lto-objects -O0 -c Generated_Source\PSoC5\cymetadata.c -o .\ARM_GCC_541\Debug\cymetadata.o
arm-none-eabi-gcc.exe -mcpu=cortex-m3 -mthumb -I. -IGenerated_Source\PSoC5 -Wa,-alh=.\ARM_GCC_541\Debug/ADC_IRQ.lst -g -Wall -ffunction-sections -ffat-lto-objects -O0 -c Generated_Source\PSoC5\ADC_IRQ.c -o .\ARM_GCC_541\Debug\ADC_IRQ.o
arm-none-eabi-gcc.exe -mcpu=cortex-m3 -mthumb -I. -IGenerated_Source\PSoC5 -Wa,-alh=.\ARM_GCC_541\Debug/cy_em_eeprom.lst -g -Wall -ffunction-sections -ffat-lto-objects -O0 -c Generated_Source\PSoC5\cy_em_eeprom.c -o .\ARM_GCC_541\Debug\cy_em_eeprom.o
arm-none-eabi-gcc.exe -mcpu=cortex-m3 -mthumb -I. -IGenerated_Source\PSoC5 -Wa,-alh=.\ARM_GCC_541\Debug/WaveDAC8.lst -g -Wall -ffunction-sections -ffat-lto-objects -O0 -c Generated_Source\PSoC5\WaveDAC8.c -o .\ARM_GCC_541\Debug\WaveDAC8.o
arm-none-eabi-gcc.exe -mcpu=cortex-m3 -mthumb -I. -IGenerated_Source\PSoC5 -Wa,-alh=.\ARM_GCC_541\Debug/WaveDAC8_PM.lst -g -Wall -ffunction-sections -ffat-lto-objects -O0 -c Generated_Source\PSoC5\WaveDAC8_PM.c -o .\ARM_GCC_541\Debug\WaveDAC8_PM.o
arm-none-eabi-gcc.exe -mcpu=cortex-m3 -mthumb -I. -IGenerated_Source\PSoC5 -Wa,-alh=.\ARM_GCC_541\Debug/Control_Reg.lst -g -Wall -ffunction-sections -ffat-lto-objects -O0 -c Generated_Source\PSoC5\Control_Reg.c -o .\ARM_GCC_541\Debug\Control_Reg.o
arm-none-eabi-gcc.exe -mcpu=cortex-m3 -mthumb -I. -IGenerated_Source\PSoC5 -Wa,-alh=.\ARM_GCC_541\Debug/Control_Reg_PM.lst -g -Wall -ffunction-sections -ffat-lto-objects -O0 -c Generated_Source\PSoC5\Control_Reg_PM.c -o .\ARM_GCC_541\Debug\Control_Reg_PM.o
arm-none-eabi-gcc.exe -mcpu=cortex-m3 -mthumb -I. -IGenerated_Source\PSoC5 -Wa,-alh=.\ARM_GCC_541\Debug/WaveDAC8_DacClk.lst -g -Wall -ffunction-sections -ffat-lto-objects -O0 -c Generated_Source\PSoC5\WaveDAC8_DacClk.c -o .\ARM_GCC_541\Debug\WaveDAC8_DacClk.o
arm-none-eabi-gcc.exe -mcpu=cortex-m3 -mthumb -I. -IGenerated_Source\PSoC5 -Wa,-alh=.\ARM_GCC_541\Debug/WaveDAC8_Wave1_DMA_dma.lst -g -Wall -ffunction-sections -ffat-lto-objects -O0 -c Generated_Source\PSoC5\WaveDAC8_Wave1_DMA_dma.c -o .\ARM_GCC_541\Debug\WaveDAC8_Wave1_DMA_dma.o
arm-none-eabi-gcc.exe -mcpu=cortex-m3 -mthumb -I. -IGenerated_Source\PSoC5 -Wa,-alh=.\ARM_GCC_541\Debug/WaveDAC8_Wave2_DMA_dma.lst -g -Wall -ffunction-sections -ffat-lto-objects -O0 -c Generated_Source\PSoC5\WaveDAC8_Wave2_DMA_dma.c -o .\ARM_GCC_541\Debug\WaveDAC8_Wave2_DMA_dma.o
arm-none-eabi-gcc.exe -mcpu=cortex-m3 -mthumb -I. -IGenerated_Source\PSoC5 -Wa,-alh=.\ARM_GCC_541\Debug/WaveDAC8_IDAC8.lst -g -Wall -ffunction-sections -ffat-lto-objects -O0 -c Generated_Source\PSoC5\WaveDAC8_IDAC8.c -o .\ARM_GCC_541\Debug\WaveDAC8_IDAC8.o
arm-none-eabi-gcc.exe -mcpu=cortex-m3 -mthumb -I. -IGenerated_Source\PSoC5 -Wa,-alh=.\ARM_GCC_541\Debug/WaveDAC8_IDAC8_PM.lst -g -Wall -ffunction-sections -ffat-lto-objects -O0 -c Generated_Source\PSoC5\WaveDAC8_IDAC8_PM.c -o .\ARM_GCC_541\Debug\WaveDAC8_IDAC8_PM.o
arm-none-eabi-gcc.exe -mcpu=cortex-m3 -mthumb -I. -IGenerated_Source\PSoC5 -Wa,-alh=.\ARM_GCC_541\Debug/Vo1.lst -g -Wall -ffunction-sections -ffat-lto-objects -O0 -c Generated_Source\PSoC5\Vo1.c -o .\ARM_GCC_541\Debug\Vo1.o
arm-none-eabi-gcc.exe -mcpu=cortex-m3 -mthumb -I. -IGenerated_Source\PSoC5 -Wa,-alh=.\ARM_GCC_541\Debug/Vo2.lst -g -Wall -ffunction-sections -ffat-lto-objects -O0 -c Generated_Source\PSoC5\Vo2.c -o .\ARM_GCC_541\Debug\Vo2.o
arm-none-eabi-gcc.exe -mcpu=cortex-m3 -mthumb -I. -IGenerated_Source\PSoC5 -Wa,-alh=.\ARM_GCC_541\Debug/Button_Module.lst -g -Wall -ffunction-sections -ffat-lto-objects -O0 -c Generated_Source\PSoC5\Button_Module.c -o .\ARM_GCC_541\Debug\Button_Module.o
arm-none-eabi-gcc.exe -mcpu=cortex-m3 -mthumb -I. -IGenerated_Source\PSoC5 -Wa,-alh=.\ARM_GCC_541\Debug/Pin_SW3.lst -g -Wall -ffunction-sections -ffat-lto-objects -O0 -c Generated_Source\PSoC5\Pin_SW3.c -o .\ARM_GCC_541\Debug\Pin_SW3.o
arm-none-eabi-gcc.exe -mcpu=cortex-m3 -mthumb -I. -IGenerated_Source\PSoC5 -Wa,-alh=.\ARM_GCC_541\Debug/Pin_SW2.lst -g -Wall -ffunction-sections -ffat-lto-objects -O0 -c Generated_Source\PSoC5\Pin_SW2.c -o .\ARM_GCC_541\Debug\Pin_SW2.o
arm-none-eabi-gcc.exe -mcpu=cortex-m3 -mthumb -I. -IGenerated_Source\PSoC5 -Wa,-alh=.\ARM_GCC_541\Debug/Clk_Tmr_Button.lst -g -Wall -ffunction-sections -ffat-lto-objects -O0 -c Generated_Source\PSoC5\Clk_Tmr_Button.c -o .\ARM_GCC_541\Debug\Clk_Tmr_Button.o
arm-none-eabi-gcc.exe -mcpu=cortex-m3 -mthumb -I. -IGenerated_Source\PSoC5 -Wa,-alh=.\ARM_GCC_541\Debug/Timer_Button.lst -g -Wall -ffunction-sections -ffat-lto-objects -O0 -c Generated_Source\PSoC5\Timer_Button.c -o .\ARM_GCC_541\Debug\Timer_Button.o
arm-none-eabi-gcc.exe -mcpu=cortex-m3 -mthumb -I. -IGenerated_Source\PSoC5 -Wa,-alh=.\ARM_GCC_541\Debug/Timer_Button_PM.lst -g -Wall -ffunction-sections -ffat-lto-objects -O0 -c Generated_Source\PSoC5\Timer_Button_PM.c -o .\ARM_GCC_541\Debug\Timer_Button_PM.o
arm-none-eabi-gcc.exe -mcpu=cortex-m3 -mthumb -I. -IGenerated_Source\PSoC5 -Wa,-alh=.\ARM_GCC_541\Debug/isr_Tmr_Button.lst -g -Wall -ffunction-sections -ffat-lto-objects -O0 -c Generated_Source\PSoC5\isr_Tmr_Button.c -o .\ARM_GCC_541\Debug\isr_Tmr_Button.o
arm-none-eabi-gcc.exe -mcpu=cortex-m3 -mthumb -I. -IGenerated_Source\PSoC5 -Wa,-alh=.\ARM_GCC_541\Debug/VDAC8.lst -g -Wall -ffunction-sections -ffat-lto-objects -O0 -c Generated_Source\PSoC5\VDAC8.c -o .\ARM_GCC_541\Debug\VDAC8.o
arm-none-eabi-gcc.exe -mcpu=cortex-m3 -mthumb -I. -IGenerated_Source\PSoC5 -Wa,-alh=.\ARM_GCC_541\Debug/VDAC8_PM.lst -g -Wall -ffunction-sections -ffat-lto-objects -O0 -c Generated_Source\PSoC5\VDAC8_PM.c -o .\ARM_GCC_541\Debug\VDAC8_PM.o
arm-none-eabi-gcc.exe -mcpu=cortex-m3 -mthumb -I. -IGenerated_Source\PSoC5 -Wa,-alh=.\ARM_GCC_541\Debug/PGA.lst -g -Wall -ffunction-sections -ffat-lto-objects -O0 -c Generated_Source\PSoC5\PGA.c -o .\ARM_GCC_541\Debug\PGA.o
arm-none-eabi-gcc.exe -mcpu=cortex-m3 -mthumb -I. -IGenerated_Source\PSoC5 -Wa,-alh=.\ARM_GCC_541\Debug/PGA_PM.lst -g -Wall -ffunction-sections -ffat-lto-objects -O0 -c Generated_Source\PSoC5\PGA_PM.c -o .\ARM_GCC_541\Debug\PGA_PM.o
arm-none-eabi-gcc.exe -mcpu=cortex-m3 -mthumb -I. -IGenerated_Source\PSoC5 -Wa,-alh=.\ARM_GCC_541\Debug/ADC_Bypass.lst -g -Wall -ffunction-sections -ffat-lto-objects -O0 -c Generated_Source\PSoC5\ADC_Bypass.c -o .\ARM_GCC_541\Debug\ADC_Bypass.o
arm-none-eabi-gcc.exe -mcpu=cortex-m3 -mthumb -I. -IGenerated_Source\PSoC5 -Wa,-alh=.\ARM_GCC_541\Debug/DAC_WC1.lst -g -Wall -ffunction-sections -ffat-lto-objects -O0 -c Generated_Source\PSoC5\DAC_WC1.c -o .\ARM_GCC_541\Debug\DAC_WC1.o
arm-none-eabi-gcc.exe -mcpu=cortex-m3 -mthumb -I. -IGenerated_Source\PSoC5 -Wa,-alh=.\ARM_GCC_541\Debug/DAC_WC2.lst -g -Wall -ffunction-sections -ffat-lto-objects -O0 -c Generated_Source\PSoC5\DAC_WC2.c -o .\ARM_GCC_541\Debug\DAC_WC2.o
arm-none-eabi-gcc.exe -mcpu=cortex-m3 -mthumb -I. -IGenerated_Source\PSoC5 -Wa,-alh=.\ARM_GCC_541\Debug/UART_1.lst -g -Wall -ffunction-sections -ffat-lto-objects -O0 -c Generated_Source\PSoC5\UART_1.c -o .\ARM_GCC_541\Debug\UART_1.o
arm-none-eabi-gcc.exe -mcpu=cortex-m3 -mthumb -I. -IGenerated_Source\PSoC5 -Wa,-alh=.\ARM_GCC_541\Debug/UART_1_PM.lst -g -Wall -ffunction-sections -ffat-lto-objects -O0 -c Generated_Source\PSoC5\UART_1_PM.c -o .\ARM_GCC_541\Debug\UART_1_PM.o
arm-none-eabi-gcc.exe -mcpu=cortex-m3 -mthumb -I. -IGenerated_Source\PSoC5 -Wa,-alh=.\ARM_GCC_541\Debug/UART_1_INT.lst -g -Wall -ffunction-sections -ffat-lto-objects -O0 -c Generated_Source\PSoC5\UART_1_INT.c -o .\ARM_GCC_541\Debug\UART_1_INT.o
arm-none-eabi-gcc.exe -mcpu=cortex-m3 -mthumb -I. -IGenerated_Source\PSoC5 -Wa,-alh=.\ARM_GCC_541\Debug/UART_1_BOOT.lst -g -Wall -ffunction-sections -ffat-lto-objects -O0 -c Generated_Source\PSoC5\UART_1_BOOT.c -o .\ARM_GCC_541\Debug\UART_1_BOOT.o
arm-none-eabi-gcc.exe -mcpu=cortex-m3 -mthumb -I. -IGenerated_Source\PSoC5 -Wa,-alh=.\ARM_GCC_541\Debug/UART_1_IntClock.lst -g -Wall -ffunction-sections -ffat-lto-objects -O0 -c Generated_Source\PSoC5\UART_1_IntClock.c -o .\ARM_GCC_541\Debug\UART_1_IntClock.o
arm-none-eabi-gcc.exe -mcpu=cortex-m3 -mthumb -I. -IGenerated_Source\PSoC5 -Wa,-alh=.\ARM_GCC_541\Debug/MatrixKbLED.lst -g -Wall -ffunction-sections -ffat-lto-objects -O0 -c Generated_Source\PSoC5\MatrixKbLED.c -o .\ARM_GCC_541\Debug\MatrixKbLED.o
arm-none-eabi-gcc.exe -mcpu=cortex-m3 -mthumb -I. -IGenerated_Source\PSoC5 -Wa,-alh=.\ARM_GCC_541\Debug/Clock_500Hz.lst -g -Wall -ffunction-sections -ffat-lto-objects -O0 -c Generated_Source\PSoC5\Clock_500Hz.c -o .\ARM_GCC_541\Debug\Clock_500Hz.o
arm-none-eabi-gcc.exe -mcpu=cortex-m3 -mthumb -I. -IGenerated_Source\PSoC5 -Wa,-alh=.\ARM_GCC_541\Debug/MatrixKbLED_isr_MKbLED.lst -g -Wall -ffunction-sections -ffat-lto-objects -O0 -c Generated_Source\PSoC5\MatrixKbLED_isr_MKbLED.c -o .\ARM_GCC_541\Debug\MatrixKbLED_isr_MKbLED.o
arm-none-eabi-gcc.exe -mcpu=cortex-m3 -mthumb -I. -IGenerated_Source\PSoC5 -Wa,-alh=.\ARM_GCC_541\Debug/LCD_Char.lst -g -Wall -ffunction-sections -ffat-lto-objects -O0 -c Generated_Source\PSoC5\LCD_Char.c -o .\ARM_GCC_541\Debug\LCD_Char.o
arm-none-eabi-gcc.exe -mcpu=cortex-m3 -mthumb -I. -IGenerated_Source\PSoC5 -Wa,-alh=.\ARM_GCC_541\Debug/LCD_Char_PM.lst -g -Wall -ffunction-sections -ffat-lto-objects -O0 -c Generated_Source\PSoC5\LCD_Char_PM.c -o .\ARM_GCC_541\Debug\LCD_Char_PM.o
arm-none-eabi-gcc.exe -mcpu=cortex-m3 -mthumb -I. -IGenerated_Source\PSoC5 -Wa,-alh=.\ARM_GCC_541\Debug/LCD_Char_LCDPort.lst -g -Wall -ffunction-sections -ffat-lto-objects -O0 -c Generated_Source\PSoC5\LCD_Char_LCDPort.c -o .\ARM_GCC_541\Debug\LCD_Char_LCDPort.o
arm-none-eabi-as.exe -mcpu=cortex-m3 -mthumb -I. -IGenerated_Source\PSoC5 -alh=.\ARM_GCC_541\Debug/CyBootAsmGnu.lst -g -o .\ARM_GCC_541\Debug\CyBootAsmGnu.o Generated_Source\PSoC5\CyBootAsmGnu.s
arm-none-eabi-ar.exe -rs ".\ARM_GCC_541\Debug\PSoC 5LP CY8CKIT-101.a" .\ARM_GCC_541\Debug\ADC.o .\ARM_GCC_541\Debug\ADC_INT.o .\ARM_GCC_541\Debug\ADC_PM.o .\ARM_GCC_541\Debug\ADC_theACLK.o .\ARM_GCC_541\Debug\CyDmac.o .\ARM_GCC_541\Debug\CyFlash.o .\ARM_GCC_541\Debug\CyLib.o .\ARM_GCC_541\Debug\cyPm.o .\ARM_GCC_541\Debug\CySpc.o .\ARM_GCC_541\Debug\cyutils.o .\ARM_GCC_541\Debug\ADC_IRQ.o .\ARM_GCC_541\Debug\cy_em_eeprom.o .\ARM_GCC_541\Debug\WaveDAC8.o .\ARM_GCC_541\Debug\WaveDAC8_PM.o .\ARM_GCC_541\Debug\Control_Reg.o .\ARM_GCC_541\Debug\Control_Reg_PM.o .\ARM_GCC_541\Debug\WaveDAC8_DacClk.o .\ARM_GCC_541\Debug\WaveDAC8_Wave1_DMA_dma.o .\ARM_GCC_541\Debug\WaveDAC8_Wave2_DMA_dma.o .\ARM_GCC_541\Debug\WaveDAC8_IDAC8.o .\ARM_GCC_541\Debug\WaveDAC8_IDAC8_PM.o .\ARM_GCC_541\Debug\Vo1.o .\ARM_GCC_541\Debug\Vo2.o .\ARM_GCC_541\Debug\Button_Module.o .\ARM_GCC_541\Debug\Pin_SW3.o .\ARM_GCC_541\Debug\Pin_SW2.o .\ARM_GCC_541\Debug\Clk_Tmr_Button.o .\ARM_GCC_541\Debug\Timer_Button.o .\ARM_GCC_541\Debug\Timer_Button_PM.o .\ARM_GCC_541\Debug\isr_Tmr_Button.o .\ARM_GCC_541\Debug\VDAC8.o .\ARM_GCC_541\Debug\VDAC8_PM.o .\ARM_GCC_541\Debug\PGA.o .\ARM_GCC_541\Debug\PGA_PM.o .\ARM_GCC_541\Debug\ADC_Bypass.o .\ARM_GCC_541\Debug\DAC_WC1.o .\ARM_GCC_541\Debug\DAC_WC2.o .\ARM_GCC_541\Debug\UART_1.o .\ARM_GCC_541\Debug\UART_1_PM.o .\ARM_GCC_541\Debug\UART_1_INT.o .\ARM_GCC_541\Debug\UART_1_BOOT.o .\ARM_GCC_541\Debug\UART_1_IntClock.o .\ARM_GCC_541\Debug\MatrixKbLED.o .\ARM_GCC_541\Debug\Clock_500Hz.o .\ARM_GCC_541\Debug\MatrixKbLED_isr_MKbLED.o .\ARM_GCC_541\Debug\LCD_Char.o .\ARM_GCC_541\Debug\LCD_Char_PM.o .\ARM_GCC_541\Debug\LCD_Char_LCDPort.o .\ARM_GCC_541\Debug\CyBootAsmGnu.o
arm-none-eabi-ar.exe: creating .\ARM_GCC_541\Debug\PSoC 5LP CY8CKIT-101.a
arm-none-eabi-gcc.exe -Wl,--start-group -o "C:\GitProject\SheepMIDI\PSoC 5LP CY8CKIT-101.cydsn\ARM_GCC_541\Debug\PSoC 5LP CY8CKIT-101.elf" .\ARM_GCC_541\Debug\main.o .\ARM_GCC_541\Debug\DACWork.o .\ARM_GCC_541\Debug\piano.o .\ARM_GCC_541\Debug\cyfitter_cfg.o .\ARM_GCC_541\Debug\Cm3Start.o .\ARM_GCC_541\Debug\cymetadata.o ".\ARM_GCC_541\Debug\PSoC 5LP CY8CKIT-101.a" "C:\Program Files (x86)\Cypress\PSoC Creator\4.4\PSoC Creator\psoc\content\cycomponentlibrary\CyComponentLibrary.cylib\CortexM3\ARM_GCC_541\Debug\CyComponentLibrary.a" -mcpu=cortex-m3 -mthumb -L Generated_Source\PSoC5 "-Wl,-Map,.\ARM_GCC_541\Debug/PSoC 5LP CY8CKIT-101.map" -T Generated_Source\PSoC5\cm3gcc.ld -specs=nano.specs -Wl,--gc-sections -g -ffunction-sections -O0 -ffat-lto-objects -Wl,--end-group
cyelftool.exe -C "C:\GitProject\SheepMIDI\PSoC 5LP CY8CKIT-101.cydsn\ARM_GCC_541\Debug\PSoC 5LP CY8CKIT-101.elf" --flash_row_size 256 --flash_size 262144 --flash_offset 0x00000000
No ELF section .cychecksum found, creating one
Application checksum calculated and stored in ELF section .cychecksum
Checksum calculated and stored in ELF section .cymeta
cyelftool.exe -S "C:\GitProject\SheepMIDI\PSoC 5LP CY8CKIT-101.cydsn\ARM_GCC_541\Debug\PSoC 5LP CY8CKIT-101.elf"
Flash used: 38584 of 262144 bytes (14.7%).
SRAM used: 21117 of 65536 bytes (32.2%). Stack: 16384 bytes. Heap: 4096 bytes.
--------------- Build Succeeded: 01/08/2025 10:52:52 ---------------
